<?xml version="1.0" encoding="UTF-8"?>
<!-- Generated by org.testng.reporters.JUnitReportReporter -->
<testsuite skipped="0" hostname="DESKTOP-K8N9C1U" name="Try_TestNg" tests="3" failures="0" timestamp="10 Dec 2019 21:01:36 GMT" time="0.015" errors="0">
  <testcase name="Checkout" time="0.002" classname="Try_TestNg"/>
  <testcase name="pub" time="0.012" classname="Try_TestNg"/>
  <testcase name="Selectitem" time="0.001" classname="Try_TestNg"/>
</testsuite> <!-- Try_TestNg -->
