<?xml version="1.0" encoding="UTF-8"?>
<!-- Generated by org.testng.reporters.JUnitReportReporter -->
<testsuite skipped="0" hostname="DESKTOP-K8N9C1U" name="TRy.TestNg" tests="3" failures="0" timestamp="10 Jan 2020 09:19:31 GMT" time="0.008" errors="0">
  <testcase name="doLogin" time="0.006" classname="TRy.TestNg"/>
  <testcase name="ChangePassword" time="0.001" classname="TRy.TestNg"/>
  <testcase name="Password" time="0.001" classname="TRy.TestNg"/>
</testsuite> <!-- TRy.TestNg -->
