<?xml version="1.0" encoding="UTF-8"?>
<!-- Generated by org.testng.reporters.JUnitReportReporter -->
<testsuite skipped="0" hostname="DESKTOP-K8N9C1U" name="NormalTestNGWork" tests="1" failures="0" timestamp="11 Dec 2019 08:24:31 GMT" time="7.860" errors="0">
  <testcase name="doLogin" time="7.860" classname="NormalTestNGWork"/>
</testsuite> <!-- NormalTestNGWork -->
